<?xml version="1.0" encoding="UTF-8"?>
<!-- Generated by org.testng.reporters.JUnitReportReporter -->
<testsuite hostname="DESKTOP-CTGLSRQ" name="com.maverick.test.StudentTest" tests="4" failures="0" timestamp="17 Aug 2017 21:46:41 GMT" time="0.009" errors="0">
  <testcase name="testEditar" time="0.000" classname="com.maverick.test.StudentTest"/>
  <testcase name="testListar" time="0.001" classname="com.maverick.test.StudentTest"/>
  <testcase name="testAgregar" time="0.007" classname="com.maverick.test.StudentTest"/>
  <testcase name="testEliminar" time="0.001" classname="com.maverick.test.StudentTest"/>
</testsuite> <!-- com.maverick.test.StudentTest -->
